warning: multiple fields are never read
   --> src/logic/register_day_activity.rs:689:9
    |
688 |     struct PickupAct {
    |            --------- fields in this struct
689 |         order_id: Uuid,
    |         ^^^^^^^^
690 |         fulfilled_at: chrono::DateTime<Utc>,
    |         ^^^^^^^^^^^^
691 |         total_price: Decimal,
    |         ^^^^^^^^^^^
692 |         party_name: Option<String>,
    |         ^^^^^^^^^^
693 |         customer_first: Option<String>,
    |         ^^^^^^^^^^^^^^
694 |         customer_last: Option<String>,
    |         ^^^^^^^^^^^^^
695 |         customer_code: Option<String>,
    |         ^^^^^^^^^^^^^
696 |         items_json: Option<serde_json::Value>,
    |         ^^^^^^^^^^
697 |         total_paid_ever: Option<Decimal>,
    |         ^^^^^^^^^^^^^^^
    |
    = note: `#[warn(dead_code)]` on by default

warning: `riverside-server` (lib) generated 1 warning
    Finished `dev` profile [unoptimized + debuginfo] target(s) in 0.60s
     Running `target/debug/riverside-server`
[2m2026-04-14T06:30:31.910747Z[0m [32m INFO[0m Connecting to PostgreSQL...
[2m2026-04-14T06:30:31.972682Z[0m [32m INFO[0m Database connected.
[2m2026-04-14T06:30:31.977189Z[0m [32m INFO[0m PostgreSQL startup context (compare with migration target DB) [3mcurrent_database[0m[2m=[0mriverside_os [3mdb_user[0m[2m=[0mpostgres [3mserver_inet[0m[2m=[0mSome("192.168.97.4/32") [3mserver_port[0m[2m=[0mSome(5432) [3msearch_path[0m[2m=[0m"$user", public [3mweather_finalize_ledger[0m[2m=[0mSome("weather_snapshot_finalize_ledger") [3mweather_vc_daily_usage[0m[2m=[0mSome("weather_vc_daily_usage")
[2m2026-04-14T06:30:32.042963Z[0m [32m INFO[0m Core database schema (RBAC + Counterpoint Finishing) OK.
[2m2026-04-14T06:30:32.043155Z[0m [32m INFO[0m Counterpoint sync API enabled (/api/sync/counterpoint/*)
[2m2026-04-14T06:30:32.046196Z[0m [32m INFO[0m Meilisearch client configured [3mindex_variant[0m[2m=[0m"ros_variants"
[2m2026-04-14T06:30:32.050552Z[0m [32m INFO[0m CORS: allowlist from RIVERSIDE_CORS_ORIGINS [3mcount[0m[2m=[0m1
[2m2026-04-14T06:30:32.050940Z[0m [32m INFO[0m HTTP request body limit [3mmax_json_body_bytes[0m[2m=[0m268435456
[2m2026-04-14T06:30:32.053173Z[0m [32m INFO[0m Background backup scheduler started.
[2m2026-04-14T06:30:32.064773Z[0m [32m INFO[0m Riverside OS Server listening (set RIVERSIDE_HTTP_BIND to change) [3maddr[0m[2m=[0m0.0.0.0:3000
[2m2026-04-14T07:03:20.730890Z[0m [32m INFO[0m Background Worker: Running auto-cleanup (30 days)
[2m2026-04-14T08:02:43.545737Z[0m [32m INFO[0m Background Worker: Running auto-cleanup (30 days)
[2m2026-04-14T09:15:24.591509Z[0m [32m INFO[0m Background Worker: Running auto-cleanup (30 days)
[2m2026-04-14T10:07:35.616776Z[0m [32m INFO[0m Background Worker: Running auto-cleanup (30 days)
[2m2026-04-14T11:03:37.606982Z[0m [32m INFO[0m Background Worker: Running auto-cleanup (30 days)
