
> riverside-os@0.4.7 test:e2e:release
> npm --prefix client run test:e2e -- --workers=1


> riverside-pos@0.4.7 test:e2e
> playwright test --workers=1

[2m[WebServer] [22m Container riverside-os-db Running 
[2m[WebServer] [22m Container riverside-os-db Running 
[2m[WebServer] [22m(node:44193) Warning: The 'NO_COLOR' env is ignored due to the 'FORCE_COLOR' env being set.
[2m[WebServer] [22m(Use `node --trace-warnings ...` to show where the warning was created)
[2m[WebServer] [22m(node:44584) Warning: The 'NO_COLOR' env is ignored due to the 'FORCE_COLOR' env being set.
[2m[WebServer] [22m(Use `node --trace-warnings ...` to show where the warning was created)

Running 341 tests using 1 worker

(node:45480) Warning: The 'NO_COLOR' env is ignored due to the 'FORCE_COLOR' env being set.
(Use `node --trace-warnings ...` to show where the warning was created)
(node:45480) Warning: The 'NO_COLOR' env is ignored due to the 'FORCE_COLOR' env being set.
(Use `node --trace-warnings ...` to show where the warning was created)
  ✓    1 [chromium] › e2e/alterations-register-lookup-mobile.spec.ts:38:3 › Alterations + register lookup mobile phone_390x844 (32.5s)
  ✓    2 [chromium] › e2e/alterations-register-lookup-mobile.spec.ts:38:3 › Alterations + register lookup mobile tablet_768x1024 (8.2s)
  ✓    3 [chromium] › e2e/alterations-register-lookup-mobile.spec.ts:38:3 › Alterations + register lookup mobile ipad_1024x1366 (8.3s)
  ✓    4 [chromium] › e2e/alterations-register-lookup-mobile.spec.ts:38:3 › Alterations + register lookup mobile desktop_1440x900 (8.1s)
  ✓    5 [chromium] › e2e/alterations-safety.spec.ts:69:3 › Alterations safety › create writes an alteration activity audit row (792ms)
  ✓    6 [chromium] › e2e/alterations-safety.spec.ts:109:3 › Alterations safety › create returns standalone source, work, and charge fields in the list (774ms)
  ✓    7 [chromium] › e2e/alterations-safety.spec.ts:157:3 › Alterations safety › invalid source combination returns 400 (522ms)
  ✓    8 [chromium] › e2e/alterations-safety.spec.ts:178:3 › Alterations safety › negative charge amount returns 400 (520ms)
  ✓    9 [chromium] › e2e/alterations-safety.spec.ts:200:3 › Alterations safety › invalid status returns 400 instead of a database error (769ms)
  ✓   10 [chromium] › e2e/alterations-safety.spec.ts:237:3 › Alterations safety › status filter is visible and usable in Back Office Alterations (3.5s)
  ✓   11 [chromium] › e2e/alterations-safety.spec.ts:251:3 › Alterations safety › garment workbench groups by due status and labels source garments (3.3s)
  ✓   12 [chromium] › e2e/alterations-smart-scheduler.spec.ts:98:5 › Alteration unit totals API › recalculates order unit totals after item add and delete (2.5s)
  ✓   13 [chromium] › e2e/alterations-smart-scheduler.spec.ts:323:5 › Smart Alterations Scheduler E2E › can plan work items and schedule a slot using the smart scheduler (4.1s)
  ✓   14 [chromium] › e2e/alterations-smart-scheduler.spec.ts:462:5 › Smart Alterations Scheduler E2E › surfaces alteration status in Wedding Hub member list (3.3s)
  ✓   15 [chromium] › e2e/alterations-smart-scheduler.spec.ts:544:5 › Smart Alterations Scheduler E2E › can create a manual Alteration appointment in the global calendar (3.3s)
  ✓   16 [chromium] › e2e/api-gates.spec.ts:61:3 › API auth gates › GET /api/products without staff headers returns 401 (2ms)
  ✓   17 [chromium] › e2e/api-gates.spec.ts:68:3 › API auth gates › POST /api/payments/providers/helcim/purchase without auth returns 401 (1ms)
  ✓   18 [chromium] › e2e/api-gates.spec.ts:78:3 › API auth gates › expanded Helcim provider endpoints reject anonymous callers (9ms)
  ✓   19 [chromium] › e2e/api-gates.spec.ts:148:3 › API auth gates › Helcim Payments Operations read endpoints reject anonymous callers (10ms)
  ✓   20 [chromium] › e2e/api-gates.spec.ts:176:3 › API auth gates › Helcim Payments Operations mutation endpoints reject anonymous callers (9ms)
  ✓   21 [chromium] › e2e/api-gates.spec.ts:259:3 › API auth gates › Helcim manual sync endpoints require payments.sync beyond basic staff auth (5ms)
  ✓   22 [chromium] › e2e/api-gates.spec.ts:279:3 › API auth gates › Helcim reconciliation mutations require payments.reconcile beyond basic staff auth (11ms)
  ✓   23 [chromium] › e2e/api-gates.spec.ts:321:3 › API auth gates › Helcim deposit mutations require dedicated deposit permissions (15ms)
  ✓   24 [chromium] › e2e/api-gates.spec.ts:395:3 › API auth gates › GET /api/settings/receipt without staff returns 401 or 403 (1ms)
  ✓   25 [chromium] › e2e/api-gates.spec.ts:402:3 › API auth gates › GET /api/customers/{id}/transaction-history without staff returns 401 (1ms)
  ✓   26 [chromium] › e2e/api-gates.spec.ts:411:3 › API auth gates › GET /api/insights/sales-pivot?group_by=customer without staff returns 401 (1ms)
  ✓   27 [chromium] › e2e/api-gates.spec.ts:420:3 › API auth gates › GET /api/insights/best-sellers without staff returns 401 (1ms)
  ✓   28 [chromium] › e2e/api-gates.spec.ts:429:3 › API auth gates › GET /api/insights/margin-pivot without staff returns 401 (1ms)
  ✓   29 [chromium] › e2e/api-gates.spec.ts:438:3 › API auth gates › GET /api/insights/margin-pivot with non-Admin staff returns 403 (2ms)
  ✓   30 [chromium] › e2e/api-gates.spec.ts:453:3 › API auth gates › GET /api/staff/effective-permissions with seeded 1234+1234 returns 200 and permissions (247ms)
  ✓   31 [chromium] › e2e/api-gates.spec.ts:477:3 › API auth gates › GET /api/sessions/list-open with staff headers returns 200 array (till / attach) (252ms)
  ✓   32 [chromium] › e2e/api-gates.spec.ts:497:3 › API auth gates › GET /api/insights/margin-pivot with Admin staff returns 200 and margin payload shape (249ms)
  ✓   33 [chromium] › e2e/api-gates.spec.ts:522:3 › API auth gates › GET /api/help/admin/ops/status without staff returns 401 (1ms)
  ✓   34 [chromium] › e2e/api-gates.spec.ts:529:3 › API auth gates › POST /api/help/admin/ops/generate-manifest without staff returns 401 (1ms)
  ✓   35 [chromium] › e2e/api-gates.spec.ts:546:3 › API auth gates › POST /api/help/admin/ops/reindex-search without staff returns 401 (1ms)
  ✓   36 [chromium] › e2e/api-gates.spec.ts:558:3 › API auth gates › GET /api/help/admin/ops/status with non-Admin staff returns 403 (2ms)
  ✓   37 [chromium] › e2e/api-gates.spec.ts:570:3 › API auth gates › POST /api/help/admin/ops/generate-manifest with non-Admin staff returns 403 (2ms)
  ✓   38 [chromium] › e2e/api-gates.spec.ts:591:3 › API auth gates › POST /api/help/admin/ops/reindex-search with non-Admin staff returns 403 (2ms)
  ✓   39 [chromium] › e2e/api-gates.spec.ts:607:3 › API auth gates › GET /api/help/admin/ops/status with Admin staff returns 200 and shape (306ms)
  ✓   40 [chromium] › e2e/api-gates.spec.ts:637:3 › API auth gates › POST /api/help/admin/ops/generate-manifest with Admin staff returns terminal result shape (326ms)
  ✓   41 [chromium] › e2e/api-gates.spec.ts:685:3 › API auth gates › POST /api/help/admin/ops/reindex-search with Admin staff returns status payload (979ms)
  ✓   42 [chromium] › e2e/backoffice-mobile-workflow-smoke.spec.ts:44:3 › Back Office mobile workflow smoke phone_390x844 (10.0s)
  ✓   43 [chromium] › e2e/backoffice-mobile-workflow-smoke.spec.ts:44:3 › Back Office mobile workflow smoke tablet_768x1024 (5.4s)
  ✓   44 [chromium] › e2e/backoffice-mobile-workflow-smoke.spec.ts:44:3 › Back Office mobile workflow smoke ipad_1024x1366 (7.1s)
  ✓   45 [chromium] › e2e/backoffice-mobile-workflow-smoke.spec.ts:44:3 › Back Office mobile workflow smoke desktop_1440x900 (7.6s)
  -   46 [chromium] › e2e/backoffice-signin.spec.ts:48:3 › Back Office sign-in gate › 4-digit code reaches Operations shell
  -   47 [chromium] › e2e/backoffice-signin.spec.ts:85:3 › Back Office sign-in gate › wrong code shows an error
  -   48 [chromium] › e2e/backoffice-signin.spec.ts:104:3 › Back Office sign-in gate › Switch staff returns to sign-in
  ✓   49 [chromium] › e2e/backoffice-workspace-nav-smoke.spec.ts:37:3 › Back Office workspace nav smoke phone_390x844 (6.6s)
  ✓   50 [chromium] › e2e/backoffice-workspace-nav-smoke.spec.ts:37:3 › Back Office workspace nav smoke tablet_768x1024 (4.9s)
  ✓   51 [chromium] › e2e/backoffice-workspace-nav-smoke.spec.ts:37:3 › Back Office workspace nav smoke ipad_1024x1366 (5.0s)
  ✓   52 [chromium] › e2e/backoffice-workspace-nav-smoke.spec.ts:37:3 › Back Office workspace nav smoke desktop_1440x900 (4.5s)
  ✓   53 [chromium] › e2e/bug-reporting-diagnostics.spec.ts:35:3 › bug reporting diagnostics hardening › manual bug reports redact diagnostic secrets before submit (1.5s)
  ✓   54 [chromium] › e2e/bug-reporting-diagnostics.spec.ts:104:3 › bug reporting diagnostics hardening › bug report detail downloads redact stored browser diagnostics (2.7s)
  ✓   55 [chromium] › e2e/bug-reporting-diagnostics.spec.ts:187:3 › bug reporting diagnostics hardening › error toast events are redacted, contextual, and deduped (3.3s)
  ✓   56 [chromium] › e2e/bug-reporting-diagnostics.spec.ts:248:3 › bug reporting diagnostics hardening › Support Center keeps useful diagnostics visible when one feed fails (3.2s)
  ✓   57 [chromium] › e2e/checkout-tender-financial-contract.spec.ts:217:3 › checkout tender financial contract › check tender requires a check number before checkout can post (1.0s)
  ✓   58 [chromium] › e2e/checkout-tender-financial-contract.spec.ts:241:3 › checkout tender financial contract › split tender allocates exactly across current sale and existing transaction balance (2.1s)
  ✓   59 [chromium] › e2e/checkout-tender-financial-contract.spec.ts:341:3 › checkout tender financial contract › rounded-up cash amount records balanced transaction artifacts and QBO rounding impact (2.1s)
  ✓   60 [chromium] › e2e/checkout-tender-financial-contract.spec.ts:409:3 › checkout tender financial contract › rounded-down cash residual completes with negative rounding adjustment (1.3s)
  ✓   61 [chromium] › e2e/checkout-tender-financial-contract.spec.ts:459:3 › checkout tender financial contract › mixed tender rounds only the cash residual and keeps non-cash exact (1.3s)
  ✓   62 [chromium] › e2e/checkout-tender-financial-contract.spec.ts:509:3 › checkout tender financial contract › non-cash tender uses exact cents without rounding adjustment (1.4s)
  ✓   63 [chromium] › e2e/commission-audit-contract.spec.ts:403:3 › commission audit contract › fulfillment timing uses recognition date and staff rate snapshots report immutably (5.8s)
  ✓   64 [chromium] › e2e/commission-audit-contract.spec.ts:497:3 › commission audit contract › percentage overrides are ignored; staff base rate and fixed SPIFFs drive commission (10.3s)
  ✓   65 [chromium] › e2e/commission-audit-contract.spec.ts:583:3 › commission audit contract › combo SPIFF rewards are internal and excluded from customer receipt output (2.9s)
  ✓   66 [chromium] › e2e/corecard-webhooks.spec.ts:16:3 › CoreCard webhooks › webhook ingestion updates state and replay is idempotent (1.8s)
  ✓   67 [chromium] › e2e/counterpoint-signoff-ui.spec.ts:378:3 › Counterpoint sign-off UI › duplicate staging POST replay reuses one pending batch (834ms)
  ✓   68 [chromium] › e2e/counterpoint-signoff-ui.spec.ts:464:3 › Counterpoint sign-off UI › staged batch apply is single-claim under concurrent requests (642ms)
  ✓   69 [chromium] › e2e/counterpoint-signoff-ui.spec.ts:494:3 › Counterpoint sign-off UI › stale applying batch recovery marks failed without replay (1.3s)
  ✓   70 [chromium] › e2e/counterpoint-signoff-ui.spec.ts:566:3 › Counterpoint sign-off UI › non-stale applying batch recovery is rejected (431ms)
  ✓   71 [chromium] › e2e/counterpoint-signoff-ui.spec.ts:587:3 › Counterpoint sign-off UI › staging UI surfaces replay and stale apply recovery metadata (5.1s)
  ✓   72 [chromium] › e2e/counterpoint-signoff-ui.spec.ts:661:3 › Counterpoint sign-off UI › shows bridge unavailable status without masking it as ready (7.5s)
  ✓   73 [chromium] › e2e/counterpoint-signoff-ui.spec.ts:681:3 › Counterpoint sign-off UI › keeps deterministic sign-off proof before optional ROSIE insight (3.0s)
  ✓   74 [chromium] › e2e/customer-relationship-mobile-cards.spec.ts:341:3 › Customer relationship drawer responsive cards phone_390x844 (3.9s)
  ✓   75 [chromium] › e2e/customer-relationship-mobile-cards.spec.ts:341:3 › Customer relationship drawer responsive cards tablet_768x1024 (2.9s)
  ✓   76 [chromium] › e2e/customer-relationship-mobile-cards.spec.ts:341:3 › Customer relationship drawer responsive cards ipad_1024x1366 (3.2s)
  ✓   77 [chromium] › e2e/customer-relationship-mobile-cards.spec.ts:341:3 › Customer relationship drawer responsive cards desktop_1440x900 (3.4s)
  ✓   78 [chromium] › e2e/customer-relationship-mobile-cards.spec.ts:385:1 › Customer relationship drawer exposes profile defaults, history, and loyalty controls (4.2s)
  ✓   79 [chromium] › e2e/customer-relationship-mobile-cards.spec.ts:537:1 › Customer relationship drawer opens linked profiles and keeps timeline language staff-facing (4.4s)
  ✓   80 [chromium] › e2e/customers-lifecycle.spec.ts:163:1 › add customer accepts manual address entry without suggestions (2.9s)
  ✓   81 [chromium] › e2e/customers-lifecycle.spec.ts:210:1 › add customer address suggestion fills city state and ZIP (3.1s)
  ✓   82 [chromium] › e2e/customers-lifecycle.spec.ts:248:1 › failed address lookup keeps add customer form usable (3.3s)
  ✓   83 [chromium] › e2e/customers-lifecycle.spec.ts:296:1 › add customer waits for phone before showing same-name duplicate review (4.6s)
  ✓   84 [chromium] › e2e/customers-lifecycle.spec.ts:342:1 › customer lifecycle filter and hub badge use the same explicit state (3.9s)
  ✓   85 [chromium] › e2e/customers-rms-charge.spec.ts:21:1 › Back Office RMS Charge workspace › exception ownership and retry flow stay support-safe (6.6s)
  ✓   86 [chromium] › e2e/customers-rms-charge.spec.ts:92:3 › Back Office RMS Charge workspace › resolution notes are required and stored for RMS exception follow-up (5.9s)
  ✓   87 [chromium] › e2e/customers-rms-charge.spec.ts:139:3 › Back Office RMS Charge workspace › reconciliation can fail while overview and exceptions remain usable (4.6s)
  ✓   88 [chromium] › e2e/customers-rms-charge.spec.ts:170:3 › Back Office RMS Charge workspace › account link correction uses confirmation before unlink and supports relink (6.6s)
  ✓   89 [chromium] › e2e/data-quality-signals.spec.ts:24:1 › workspace quality summaries expose lightweight completeness signals (4.4s)
  ✓   90 [chromium] › e2e/exchange-wizard.spec.ts:240:3 › POS exchange wizard › opens from cart when register is open (3.7s)
  ✓   91 [chromium] › e2e/exchange-wizard.spec.ts:295:3 › POS exchange wizard › returned quantity stays in sync across totals, refund queue, and receipt output (2.1s)
  ✓   92 [chromium] › e2e/gift-card-redemption-contract.spec.ts:183:3 › Gift card redemption accounting contract › purchased gift card redemption succeeds and reduces the real card balance (2.6s)
  ✓   93 [chromium] › e2e/gift-card-redemption-contract.spec.ts:227:3 › Gift card redemption accounting contract › purchased gift cards cannot be issued from the Back Office API (1ms)
  ✓   94 [chromium] › e2e/gift-card-redemption-contract.spec.ts:245:3 › Gift card redemption accounting contract › donated gift card blocks mismatched subtype selection with a staff-safe error (1.5s)
  ✓   95 [chromium] › e2e/gift-card-redemption-contract.spec.ts:269:3 › Gift card redemption accounting contract › gift card redemption reports insufficient balance clearly (1.5s)
  ✓   96 [chromium] › e2e/gift-cards-mobile-cards.spec.ts:18:3 › Gift cards responsive list mode phone_390x844 (4.1s)
  ✓   97 [chromium] › e2e/gift-cards-mobile-cards.spec.ts:18:3 › Gift cards responsive list mode tablet_768x1024 (2.2s)
  ✓   98 [chromium] › e2e/gift-cards-mobile-cards.spec.ts:18:3 › Gift cards responsive list mode ipad_1024x1366 (2.3s)
  ✓   99 [chromium] › e2e/gift-cards-mobile-cards.spec.ts:18:3 › Gift cards responsive list mode desktop_1440x900 (2.5s)
  ✓  100 [chromium] › e2e/help-center.spec.ts:81:1 › opens Help from Back Office header (2.8s)
  ✓  101 [chromium] › e2e/help-center.spec.ts:90:1 › prints the currently viewed Help section (3.2s)
  ✓  102 [chromium] › e2e/help-center.spec.ts:105:1 › opens Help from POS top bar (6.2s)
  ✓  103 [chromium] › e2e/help-center.spec.ts:116:1 › help search lists Results after query (Meilisearch or local fallback) (5.4s)
  ✓  104 [chromium] › e2e/help-center.spec.ts:128:1 › Ask ROSIE sends Help request and renders sources (3.3s)
  ✓  105 [chromium] › e2e/help-center.spec.ts:227:1 › Top Bar ROSIE opens voice-first chat with Riverside context (3.3s)
  ✓  106 [chromium] › e2e/help-center.spec.ts:315:1 › Ask ROSIE voice input reuses the normal text flow and plays speech on the workstation (3.6s)
  ✓  107 [chromium] › e2e/help-center.spec.ts:530:1 › Ask ROSIE narrates approved reporting tool results (2.4s)
  ✓  108 [chromium] › e2e/help-center.spec.ts:618:1 › Ask ROSIE narrates approved operational tool results (3.2s)
  ✓  109 [chromium] › e2e/help-center.spec.ts:701:3 › Help Center Manager (settings) › navigates to Help Center Manager and shows key tabs (2.3s)
  ✓  110 [chromium] › e2e/help-center.spec.ts:728:3 › Help Center Manager (settings) › automation tab triggers generate-manifest admin op request (3.4s)
  ✓  111 [chromium] › e2e/help-center.spec.ts:763:3 › Help Center Manager (settings) › search & index tab triggers reindex-search admin op request (3.7s)
  ✓  112 [chromium] › e2e/help-center.spec.ts:792:3 › ROSIE settings governance › shows governed intelligence pack status and triggers refresh request (2.8s)
  -  113 [chromium] › e2e/high-risk-regressions.spec.ts:85:3 › High-risk API regressions › migration smoke: critical routes are mounted (not 404)
  -  114 [chromium] › e2e/high-risk-regressions.spec.ts:119:3 › High-risk API regressions › tax audit endpoint requires auth and returns expected shape for admin
  -  115 [chromium] › e2e/high-risk-regressions.spec.ts:159:3 › High-risk API regressions › revenue basis aliases are accepted and shape remains stable
  -  116 [chromium] › e2e/high-risk-regressions.spec.ts:187:3 › High-risk API regressions › help manager admin ops enforce RBAC and return stable payloads
  -  117 [chromium] › e2e/high-risk-regressions.spec.ts:281:3 › High-risk API regressions › session resilience: current/list-open routes are auth-gated and staff-accessible
  -  118 [chromium] › e2e/high-risk-regressions.spec.ts:309:3 › High-risk API regressions › permission boundary: sensitive insights and help-admin endpoints reject non-admin staff
  -  119 [chromium] › e2e/intelligence-and-finance.spec.ts:67:3 › Core Intelligence & Finance Contracts › Wedding Health summary returns valid counts for the dashboard
  -  120 [chromium] › e2e/intelligence-and-finance.spec.ts:87:3 › Core Intelligence & Finance Contracts › Inventory Brain provides contract-safe recommendations payload
  -  121 [chromium] › e2e/intelligence-and-finance.spec.ts:114:3 › Core Intelligence & Finance Contracts › Commission Trace rationale is human-readable/exact
  -  122 [chromium] › e2e/intelligence-and-finance.spec.ts:133:5 › Core Intelligence & Finance Contracts › Payment config returns Helcim provider without secrets
  -  123 [chromium] › e2e/intelligence-and-finance.spec.ts:147:3 › Optional Data-Dependent Diagnostics › Detailed Wedding Health Scorecard returns per-party risk analysis
  -  124 [chromium] › e2e/intelligence-and-finance.spec.ts:180:3 › Optional Data-Dependent Diagnostics › Product Intelligence returns detailed sales velocity and stock levels
  -  125 [chromium] › e2e/intelligence-and-finance.spec.ts:212:3 › Optional Data-Dependent Diagnostics › Commission Trace rationale is human-readable/exact
  ✓  126 [chromium] › e2e/inventory-audit-contract.spec.ts:361:3 › inventory audit contract › inventory value surfaces distinguish retail and current-cost bases (1.8s)
  ✓  127 [chromium] › e2e/inventory-audit-contract.spec.ts:397:3 › inventory audit contract › fulfillment-order checkout does not decrement stock until pickup (3.7s)
  ✓  128 [chromium] › e2e/inventory-audit-contract.spec.ts:466:3 › inventory audit contract › simultaneous pickup decrements stock and reserved quantity exactly once (4.6s)
  ✓  129 [chromium] › e2e/inventory-audit-contract.spec.ts:526:3 › inventory audit contract › PO receipt duplicate retry does not double-increment stock (3.5s)
  ✓  130 [chromium] › e2e/inventory-audit-contract.spec.ts:567:3 › inventory audit contract › physical inventory publish preserves concurrent receipt stock (4.3s)
  ✓  131 [chromium] › e2e/inventory-audit-contract.spec.ts:611:3 › inventory audit contract › takeaway return with restock restores stock and records refund truth (3.4s)
  ✓  132 [chromium] › e2e/inventory-import-confidence.spec.ts:17:3 › Inventory import operational confidence › catalog import explains outcome, skipped rows, and stock safety (5.0s)
  ✓  133 [chromium] › e2e/inventory-physical-mobile-cards.spec.ts:197:3 › Physical inventory responsive cards ipad_1024x1366 (4.1s)
  ✓  134 [chromium] › e2e/inventory-physical-mobile-cards.spec.ts:197:3 › Physical inventory responsive cards desktop_1440x900 (3.8s)
  ✓  135 [chromium] › e2e/inventory-physical-ui.spec.ts:31:3 › Physical inventory review and publish verification › review surfaces missing SKUs in the count area and publishes reviewed stock (7.7s)
  ✓  136 [chromium] › e2e/inventory-receiving-api.spec.ts:35:3 › Inventory receiving API regressions › batch scan stages matches without mutating live stock (2.0s)
  ✓  137 [chromium] › e2e/inventory-receiving-api.spec.ts:83:3 › Inventory receiving API regressions › final PO receipt posts stock exactly once and duplicate retry does not double-post (4.0s)
  ✓  138 [chromium] › e2e/inventory-receiving-api.spec.ts:129:3 › Inventory receiving API regressions › simultaneous same-PO receive applies stock exactly once (3.7s)
  ✓  139 [chromium] › e2e/inventory-receiving-api.spec.ts:192:3 › Inventory receiving API regressions › product hub surfaces unified inventory truth from server-backed values (3.5s)
  ✓  140 [chromium] › e2e/inventory-receiving-api.spec.ts:235:3 › Inventory receiving API regressions › product timeline returns readable inventory history after receipt (2.7s)
  ✓  141 [chromium] › e2e/inventory-receiving-api.spec.ts:260:3 › Inventory receiving API regressions › direct invoice receiving uses the same final posting path and remains exact-once on replay (3.7s)
  ✓  142 [chromium] › e2e/inventory-receiving-ui.spec.ts:63:3 › Inventory receiving operator verification › Receive Stock sidebar entry shows the next action and can open a ready document (5.2s)
  ✓  143 [chromium] › e2e/inventory-receiving-ui.spec.ts:92:3 › Inventory receiving operator verification › standard PO can be submitted, staged without stock mutation, and then received (7.2s)
  ✓  144 [chromium] › e2e/inventory-receiving-ui.spec.ts:200:3 › Inventory receiving operator verification › direct invoice receiving opens without raw ID entry and completes through Receive Stock (7.4s)
  ✓  145 [chromium] › e2e/loyalty-eligible-mobile.spec.ts:18:3 › Loyalty eligible mobile actions phone_390x844 (3.4s)
  ✓  146 [chromium] › e2e/loyalty-eligible-mobile.spec.ts:18:3 › Loyalty eligible mobile actions tablet_768x1024 (2.5s)
  ✓  147 [chromium] › e2e/loyalty-eligible-mobile.spec.ts:18:3 › Loyalty eligible mobile actions ipad_1024x1366 (3.2s)
  ✓  148 [chromium] › e2e/loyalty-eligible-mobile.spec.ts:18:3 › Loyalty eligible mobile actions desktop_1440x900 (2.2s)
  ✓  149 [chromium] › e2e/loyalty-redemption-contract.spec.ts:237:3 › Loyalty redemption contract › redeeming a reward issues the full value to a loyalty gift card (1.5s)
  ✓  150 [chromium] › e2e/loyalty-redemption-contract.spec.ts:288:3 › Loyalty redemption contract › manual loyalty adjustments return operator-friendly history detail (775ms)
  ✓  151 [chromium] › e2e/loyalty-redemption-contract.spec.ts:309:3 › Loyalty redemption contract › immediate-use amounts are blocked because loyalty redemption is issuance-only (1.0s)
  ✓  152 [chromium] › e2e/loyalty-redemption-contract.spec.ts:339:3 › Loyalty redemption contract › redemption blocks a code that belongs to a non-loyalty gift card (1.3s)
  ✓  153 [chromium] › e2e/loyalty-redemption-contract.spec.ts:383:3 › Loyalty redemption contract › couple-linked reward issuance resolves a partner selection to the shared primary loyalty account (2.8s)
  ✓  154 [chromium] › e2e/loyalty-redemption-contract.spec.ts:430:3 › Loyalty redemption contract › couple link and unlink are recorded in each customer timeline (2.3s)
  ✓  155 [chromium] › e2e/loyalty-redemption-contract.spec.ts:467:3 › Loyalty redemption contract › unlinked profiles keep only transactions from the linked period shared (3.3s)
  ✓  156 [chromium] › e2e/morning-compass-coach.spec.ts:15:3 › Morning Compass coach › shows coach on register dashboard when permissions allow (4.0s)
  ✓  157 [chromium] › e2e/morning-compass-coach.spec.ts:39:3 › Morning Compass coach › shows coach on Operations morning home when permissions allow (2.2s)
  ✓  158 [chromium] › e2e/morning-compass-coach.spec.ts:58:3 › Morning Compass coach › daily briefing ROSIE insight is button-triggered and uses structured facts (2.8s)
  ✓  159 [chromium] › e2e/morning-compass-coach.spec.ts:113:3 › Morning Compass coach › daily briefing ROSIE insight returns to idle when ROSIE is slow (7.2s)
  ✓  160 [chromium] › e2e/notification-deep-link-contract.spec.ts:18:3 › Notification deep-link contracts › order notifications are actionable with order_id (0ms)
  ✓  161 [chromium] › e2e/notification-deep-link-contract.spec.ts:39:3 › Notification deep-link contracts › order notifications are actionable with transaction_id (0ms)
  ✓  162 [chromium] › e2e/notification-deep-link-contract.spec.ts:54:3 › Notification deep-link contracts › appointment notifications remain actionable with appointment context (0ms)
  ✓  163 [chromium] › e2e/notification-deep-link-contract.spec.ts:71:3 › Notification deep-link contracts › bundles stay preview-oriented instead of direct-open (0ms)
  ✓  164 [chromium] › e2e/notification-deep-link-contract.spec.ts:93:3 › Notification deep-link contracts › announcements stay preview-oriented and are not completable (0ms)
  ✓  165 [chromium] › e2e/notification-deep-link-contract.spec.ts:111:3 › Notification deep-link contracts › completion action is reserved for task-like rows (0ms)
  ✓  166 [chromium] › e2e/notification-deep-link-contract.spec.ts:134:3 › Notification deep-link contracts › severity mapping distinguishes system, urgent, action, info, and announcements (1ms)
  ✓  167 [chromium] › e2e/notification-deep-link-contract.spec.ts:177:3 › Notification deep-link contracts › shared read eligibility is explicit for shared notification classes (0ms)
  ✓  168 [chromium] › e2e/notification-deep-link-contract.spec.ts:202:3 › Notification deep-link contracts › recency bucket separates today from earlier activity (0ms)
  ✓  169 [chromium] › e2e/notification-deep-link-contract.spec.ts:218:3 › Notification deep-link contracts › bulk lifecycle helpers only target safe visible inbox rows (0ms)
  ✓  170 [chromium] › e2e/offline-recovery-contract.spec.ts:105:3 › offline checkout recovery contract › 4xx replay blocks a queued checkout for manager recovery instead of deleting it (2.5s)
  ✓  171 [chromium] › e2e/offline-recovery-contract.spec.ts:146:3 › offline checkout recovery contract › register close modal blocks Z-close while checkout recovery queue has pending or blocked rows (5.5s)
  ✓  172 [chromium] › e2e/operational-rollout-smoke.spec.ts:299:3 › operational rollout smoke › existing balance due payment shows amount, remaining balance, and checkout evidence (9.3s)
  ✓  173 [chromium] › e2e/operational-rollout-smoke.spec.ts:371:3 › operational rollout smoke › exchange return wizard records a visible return and leaves refund queue evidence (7.3s)
  ✓  174 [chromium] › e2e/operational-rollout-smoke.spec.ts:434:3 › operational rollout smoke › orders workspace cash refund modal completes a refund from transaction detail (6.9s)
  ✓  175 [chromium] › e2e/operational-rollout-smoke.spec.ts:527:3 › operational rollout smoke › transaction detail opens reprint receipt delivery choices (5.7s)
  ✓  176 [chromium] › e2e/operational-rollout-smoke.spec.ts:598:3 › operational rollout smoke › bug report flow exposes downloadable diagnostics evidence (2.8s)
  ✓  177 [chromium] › e2e/operations-center-ui.spec.ts:5:3 › ROS Operations Center › summarizes blockers, degraded sources, safe actions, and deep links (2.5s)
  ✓  178 [chromium] › e2e/orders-custom-contract.spec.ts:476:3 › Orders custom vs special contract › known custom SKU canonicalizes subtype and persists as custom (1.6s)
  ✓  179 [chromium] › e2e/orders-custom-contract.spec.ts:532:3 › Orders custom vs special contract › individualized shirt details persist with measurement anchors (1.6s)
  ✓  180 [chromium] › e2e/orders-custom-contract.spec.ts:597:3 › Orders custom vs special contract › custom orders persist as custom and filter separately from special orders (2.8s)
  ✓  181 [chromium] › e2e/orders-custom-contract.spec.ts:664:3 › Orders custom vs special contract › custom orders defer cost until receipt (3.6s)
  ✓  182 [chromium] › e2e/orders-custom-contract.spec.ts:724:3 › Orders custom vs special contract › individualized shirts keep their own structured detail family (1.5s)
  ✓  183 [chromium] › e2e/orders-custom-contract.spec.ts:767:3 › Orders custom vs special contract › wedding attachment keeps deposit visibility and follow-up distinct in detail and list reads (2.6s)
  ✓  184 [chromium] › e2e/orders-custom-contract.spec.ts:823:3 › Orders custom vs special contract › special orders keep deposit balance and pickup status distinct (1.5s)
  ✓  185 [chromium] › e2e/orders-custom-contract.spec.ts:854:3 › Orders custom vs special contract › odd-cent special orders accept a partial deposit without false overage drift (1.8s)
  ✓  186 [chromium] › e2e/orders-custom-contract.spec.ts:937:3 › Orders custom vs special contract › transaction items endpoint supports review before and after pickup (2.3s)
  ✓  187 [chromium] › e2e/orders-detail-handoff.spec.ts:181:3 › Orders detail drawer and POS handoff › Back Office orders open the detail drawer and load the selected order into Register (6.8s)
  ✓  188 [chromium] › e2e/orders-detail-handoff.spec.ts:266:3 › Orders detail drawer and POS handoff › POS orders open the same detail drawer contract (6.6s)
  ✓  189 [chromium] › e2e/orders-detail-handoff.spec.ts:285:3 › Orders detail drawer and POS handoff › Back Office drawer edits a line and rerenders the saved values (6.4s)
  ✓  190 [chromium] › e2e/orders-detail-handoff.spec.ts:310:3 › Orders detail drawer and POS handoff › POS orders hand off the selected order back into Register (8.0s)
  ✓  191 [chromium] › e2e/orders-detail-handoff.spec.ts:331:3 › Orders detail drawer and POS handoff › POS order round-trip reopens with authoritative detail after register activity (10.8s)
  -  192 [chromium] › e2e/payments-operations-contract.spec.ts:386:3 › Payments Operations backend contract › read endpoints expose staff-safe operations shapes without inferred fee or net
  -  193 [chromium] › e2e/payments-operations-contract.spec.ts:460:3 › Payments Operations backend contract › reconciliation status and note actions preserve audit history
  -  194 [chromium] › e2e/payments-operations-contract.spec.ts:521:3 › Payments Operations backend contract › guarded payment linking accepts only safe Helcim matches
  -  195 [chromium] › e2e/payments-operations-contract.spec.ts:580:3 › Payments Operations backend contract › actual deposit workflow links expected batches without mutating money fields
  -  196 [chromium] › e2e/payments-operations-ui.spec.ts:176:3 › Payments Operations workspace smoke › tabs, drawers, empty states, and staff-safe copy render
  ✓  197 [chromium] › e2e/phase2-finance-and-help-lifecycle.spec.ts:112:3 › Phase 2: Help policy lifecycle › help policy lifecycle persists and reverts cleanly for one manual (1.5s)
  ✓  198 [chromium] › e2e/phase2-finance-and-help-lifecycle.spec.ts:240:3 › Phase 2: Help policy lifecycle › help policy endpoints enforce RBAC boundaries (7ms)
  ✓  199 [chromium] › e2e/phase2-finance-and-help-lifecycle.spec.ts:302:3 › Phase 2: Finance-sensitive endpoint contracts › NYS tax audit + sales pivot contracts stay stable for admin (1.2s)
  ✓  200 [chromium] › e2e/phase2-finance-and-help-lifecycle.spec.ts:363:3 › Phase 2: Finance-sensitive endpoint contracts › payments/session endpoints remain auth-gated and contract-safe (247ms)
  ✓  201 [chromium] › e2e/phase2-finance-and-help-lifecycle.spec.ts:394:3 › Phase 2: Finance-sensitive endpoint contracts › non-admin boundaries hold for margin + help admin operations (4ms)
  ✓  202 [chromium] › e2e/phase2-tender-ui.spec.ts:88:3 › Phase 2: POS tender UI smoke › checkout drawer shows core tender tabs and complete-sale rail (13.4s)
  ✓  203 [chromium] › e2e/phase2-tender-ui.spec.ts:130:3 › Phase 2: POS tender UI smoke › customer-linked sale shows Saved Card and Store credit tenders (14.4s)
  ✓  204 [chromium] › e2e/phase3-failure-states.spec.ts:56:3 › Phase 3 failure-state coverage › orders list load failure does not look like an empty result (3.5s)
  ✓  205 [chromium] › e2e/phase3-failure-states.spec.ts:81:3 › Phase 3 failure-state coverage › purchase orders warn when a refresh fails after rows loaded (1.2s)
  ✓  206 [chromium] › e2e/phase3-failure-states.spec.ts:120:3 › Phase 3 failure-state coverage › receiving load failure offers retry and confirms nothing posted (3.6s)
  ✓  207 [chromium] › e2e/phase3-failure-states.spec.ts:151:3 › Phase 3 failure-state coverage › operations home marks failed feeds instead of looking clear (2.4s)
  ✓  208 [chromium] › e2e/phase3-failure-states.spec.ts:168:3 › Phase 3 failure-state coverage › pickup and Podium workspaces distinguish refresh failures from empty queues (2.8s)
  ✓  209 [chromium] › e2e/phase3-failure-states.spec.ts:204:3 › Phase 3 failure-state coverage › pickup queue surfaces rush-condition release guidance (2.5s)
  ✓  210 [chromium] › e2e/phase3-failure-states.spec.ts:255:3 › Phase 3 failure-state coverage › inventory control board shows outage guidance instead of empty filters (2.3s)
  ✓  211 [chromium] › e2e/phase3-failure-states.spec.ts:283:3 › Phase 3 failure-state coverage › duplicate review queue does not look clear when refresh fails (2.5s)
  ✓  212 [chromium] › e2e/phase3-failure-states.spec.ts:305:3 › Phase 3 failure-state coverage › notification partial cleanup failures stay visible (2.0s)
  ✓  213 [chromium] › e2e/pickup-certification-contract.spec.ts:188:3 › pickup launch certification contract › certifies unpaid, partial-ready, blocked, and override pickup paths (6.4s)
  -  214 [chromium] › e2e/podium-settings.spec.ts:50:3 › Settings Podium integration › Integrations tab shows Podium section
  ✓  215 [chromium] › e2e/pos-alterations-intake.spec.ts:173:3 › POS alteration intake › toolbar exposes alteration action and separates exchange from layaway (2.9s)
  ✓  216 [chromium] › e2e/pos-alterations-intake.spec.ts:192:3 › POS alteration intake › modal requires customer before opening (2.8s)
  ✓  217 [chromium] › e2e/pos-alterations-intake.spec.ts:200:3 › POS alteration intake › lookup-only source selection does not add item to cart (4.0s)
  ✓  218 [chromium] › e2e/pos-alterations-intake.spec.ts:217:3 › POS alteration intake › current cart intake creates a free alteration cart line without API create (4.2s)
  ✓  219 [chromium] › e2e/pos-alterations-intake.spec.ts:252:3 › POS alteration intake › charged alteration creates a paid cart line and edit updates it (4.0s)
  ✓  220 [chromium] › e2e/pos-alterations-intake.spec.ts:277:3 › POS alteration intake › current cart alteration is sent at checkout and appears in alterations queue (10.2s)
  ✓  221 [chromium] › e2e/pos-alterations-intake.spec.ts:393:3 › POS alteration intake › existing order payment can be added, edited, removed, and sent at checkout (9.8s)
  ✓  222 [chromium] › e2e/pos-alterations-intake.spec.ts:479:3 › POS alteration intake › custom item intake creates an alteration cart line without selling a garment (3.8s)
  ✓  223 [chromium] › e2e/pos-dropdown-visibility.spec.ts:166:1 › POS dropdowns stay visible near bottom of scrollable cart (16.4s)
  ✓  224 [chromium] › e2e/pos-golden.spec.ts:8:1 › POS golden flow shell: scan to checkout drawer (4.0s)
  ✓  225 [chromium] › e2e/pos-modal-smoke.spec.ts:61:3 › POS modal smoke phone_390x844 (15.1s)
  ✓  226 [chromium] › e2e/pos-modal-smoke.spec.ts:61:3 › POS modal smoke tablet_768x1024 (8.8s)
  ✓  227 [chromium] › e2e/pos-navigation-contract.spec.ts:31:1 › POS navigation uses the narrowed POS-native section contract (4.7s)
  ✓  228 [chromium] › e2e/pos-navigation-contract.spec.ts:66:1 › rapid POS rail tab changes stay in POS mode and land on the final tab (5.9s)
  ✓  229 [chromium] › e2e/pos-rms-charge.spec.ts:19:3 › POS RMS Charge › manual financed sale persists metadata and receipt wording (1.9s)
  ✓  230 [chromium] › e2e/pos-rms-charge.spec.ts:47:3 › POS RMS Charge › manual financed sale records even when fake host is set to decline (1.3s)
  ✓  231 [chromium] › e2e/pos-rms-charge.spec.ts:87:3 › POS RMS Charge › no-customer RMS Charge block avoids host call (224ms)
  ✓  232 [chromium] › e2e/pos-rms-charge.spec.ts:93:3 › POS RMS Charge › multi-match metadata persists the selected account (1.3s)
  ✓  233 [chromium] › e2e/pos-rms-charge.spec.ts:162:3 › POS RMS Charge › manual RMS payment collection persists reference and clearing metadata (2.2s)
  ✓  234 [chromium] › e2e/pos-rms-charge.spec.ts:183:3 › POS RMS Charge › manual RMS payment collection does not depend on fake host availability (1.6s)
  ✓  235 [chromium] › e2e/pos-rms-charge.spec.ts:199:3 › POS RMS Charge › program-specific receipt correctness covers standard and RMS 90 (2.9s)
  ✓  236 [chromium] › e2e/pos-rms-charge.spec.ts:219:3 › POS RMS Charge › legacy compatibility smoke keeps historical RMS/RMS90 records readable (2.3s)
  ✓  237 [chromium] › e2e/pos-small-screen-smoke.spec.ts:56:3 › POS smoke phone_390x844 (13.0s)
  ✓  238 [chromium] › e2e/pos-small-screen-smoke.spec.ts:56:3 › POS smoke tablet_768x1024 (9.2s)
  ✓  239 [chromium] › e2e/pos-small-screen-smoke.spec.ts:56:3 › POS smoke ipad_1024x1366 (9.3s)
  ✓  240 [chromium] › e2e/pos-small-screen-smoke.spec.ts:56:3 › POS smoke desktop_1440x900 (10.7s)
  ✓  241 [chromium] › e2e/pwa-responsive.spec.ts:12:3 › PWA layout — phone (375×667, iPhone 8 preset) › shell loads with mobile menu control (2.1s)
  ✓  242 [chromium] › e2e/pwa-responsive.spec.ts:20:3 › PWA layout — phone (375×667, iPhone 8 preset) › toggle menu exposes Main Navigation (2.6s)
  ✓  243 [chromium] › e2e/pwa-responsive.spec.ts:26:3 › PWA layout — phone (375×667, iPhone 8 preset) › top bar does not force horizontal overflow (3.4s)
  ✓  244 [chromium] › e2e/pwa-responsive.spec.ts:37:3 › PWA layout — phone (375×667, iPhone 8 preset) › offline chip stays readable on phone (3.5s)
  ✓  245 [chromium] › e2e/pwa-responsive.spec.ts:48:3 › PWA layout — phone (375×667, iPhone 8 preset) › search overlay stays usable on phone (3.2s)
  ✓  246 [chromium] › e2e/pwa-responsive.spec.ts:56:3 › PWA layout — phone (375×667, iPhone 8 preset) › ROSIE search intent appends allowlisted shortcuts only after typing (2.7s)
  ✓  247 [chromium] › e2e/pwa-responsive.spec.ts:132:3 › PWA layout — tablet (iPad Pro 11 preset) › shell loads with tablet menu control and readable search (1.3s)
  ✓  248 [chromium] › e2e/pwa-responsive.spec.ts:140:3 › PWA layout — tablet (iPad Pro 11 preset) › Insights workspace exposes main heading after lazy load (2.4s)
  ✓  249 [chromium] › e2e/pwa-responsive.spec.ts:160:3 › PWA layout — tablet (iPad Pro 11 preset) › offline status is explained in the live shell (1.6s)
  ✓  250 [chromium] › e2e/pwa-responsive.spec.ts:171:3 › PWA layout — tablet (iPad Pro 11 preset) › opening the menu keeps tablet navigation comfortable (1.6s)
  ✓  251 [chromium] › e2e/qbo-audit-contract.spec.ts:953:3 › QBO audit contract › processed refunds post negative tender evidence and returned-line drilldown uses effective quantity (6.0s)
  ✓  252 [chromium] › e2e/qbo-audit-contract.spec.ts:1088:3 › QBO audit contract › simultaneous cash refund requests do not over-refund an open queue row (3.3s)
  ✓  253 [chromium] › e2e/qbo-audit-contract.spec.ts:1154:3 › QBO audit contract › cash refund capacity and retry attempts do not exceed refund due (3.4s)
  ✓  254 [chromium] › e2e/qbo-audit-contract.spec.ts:1240:3 › QBO audit contract › manual legacy refund rejects salesperson authorization and records admin approval (4.8s)
  ✓  255 [chromium] › e2e/qbo-audit-contract.spec.ts:1340:3 › QBO audit contract › restocked return posts inventory debit and COGS reversal (3.6s)
  ✓  256 [chromium] › e2e/qbo-audit-contract.spec.ts:1391:3 › QBO audit contract › asynchronous returns and refunds balance independently via liability clearing (4.4s)
  ✓  257 [chromium] › e2e/qbo-audit-contract.spec.ts:1475:3 › QBO audit contract › store credit and open deposit redemptions post liability relief in QBO (5.1s)
  ✓  258 [chromium] › e2e/qbo-audit-contract.spec.ts:1614:3 › QBO audit contract › gift card subtypes post to their intended QBO accounts (6.7s)
  ✓  259 [chromium] › e2e/qbo-audit-contract.spec.ts:1746:3 › QBO audit contract › layaways stay transaction-scoped and post deposit, pickup, and forfeiture journals (6.5s)
  ✓  260 [chromium] › e2e/qbo-audit-contract.spec.ts:1909:3 › QBO audit contract › proposed journal is balanced, deduped while pending, drillable, and approval-gated (4.4s)
  ✓  261 [chromium] › e2e/qbo-audit-contract.spec.ts:2081:3 › QBO audit contract › financial date correction and existing order edits stay on the intended QBO day (3.8s)
  ✓  262 [chromium] › e2e/qbo-audit-contract.spec.ts:2191:3 › QBO audit contract › store-local business date wins over UTC date near midnight (3.3s)
  ✓  263 [chromium] › e2e/qbo-audit-contract.spec.ts:2259:3 › QBO audit contract › shipped orders recognize in QBO on shipment event date (2.8s)
  ✓  264 [chromium] › e2e/qbo-staging.spec.ts:40:1 › QBO staging shell: warning-aware staging and posting language (2.5s)
  ✓  265 [chromium] › e2e/refund-split-tender.spec.ts:198:3 › refund split-tender capacity contract › cash partial refunds accumulate correctly in the refund queue (2.9s)
  ✓  266 [chromium] › e2e/refund-split-tender.spec.ts:265:3 › refund split-tender capacity contract › refund exceeding amount_due is rejected at the queue level (1.6s)
  ✓  267 [chromium] › e2e/refund-split-tender.spec.ts:299:3 › refund split-tender capacity contract › refund against a closed queue returns a clear error (1.8s)
  ✓  268 [chromium] › e2e/refund-split-tender.spec.ts:336:3 › refund split-tender capacity contract › cash refund payment rows carry order_refund metadata (1.8s)
  ✓  269 [chromium] › e2e/refund-split-tender.spec.ts:373:3 › refund split-tender capacity contract › legacy/manual card refund recording requires manager authorization (2.1s)
  ✓  270 [chromium] › e2e/refund-split-tender.spec.ts:420:3 › refund split-tender capacity contract › legacy/manual card refund recording succeeds with manager override (2.3s)
  ✓  271 [chromium] › e2e/register-audit-contract.spec.ts:310:3 › register audit contract › concurrent primary register opens leave one active till group (1.3s)
  ✓  272 [chromium] › e2e/register-audit-contract.spec.ts:354:3 › register audit contract › primary register owns till close, linked lanes attach, and closed tokens stop working (1.6s)
  ✓  273 [chromium] › e2e/register-audit-contract.spec.ts:457:3 › register audit contract › simultaneous primary register closes leave one closed till group (1.8s)
  ✓  274 [chromium] › e2e/register-audit-contract.spec.ts:495:3 › register audit contract › checkout finalization cannot create tender evidence after close claim (1.5s)
  ✓  275 [chromium] › e2e/register-audit-contract.spec.ts:532:3 › register audit contract › Z-close atomically purges server-backed parked sales and writes audit rows (1.3s)
  -  276 [chromium] › e2e/register-close-reconciliation.spec.ts:356:3 › Register close / reconciliation › cash discrepancies over five dollars require closing notes
  -  277 [chromium] › e2e/register-close-reconciliation.spec.ts:411:3 › Register close / reconciliation › historical Z session list stays unified to Register #1 for a till-close group
  -  278 [chromium] › e2e/register-close-reconciliation.spec.ts:500:3 › Register close / reconciliation › open session coordination exposes pending close state for the full till group
  ✓  279 [chromium] › e2e/reporting-trust-contract.spec.ts:579:3 › Reporting trust contracts › daily sales activity reconciles to canonical register evidence (2.3s)
  ✓  280 [chromium] › e2e/reporting-trust-contract.spec.ts:635:3 › Reporting trust contracts › daily sales completed basis includes immediate takeaway sales (2.3s)
  ✓  281 [chromium] › e2e/reporting-trust-contract.spec.ts:669:3 › Reporting trust contracts › margin pivot uses effective quantity after partial return (3.1s)
  ✓  282 [chromium] › e2e/reporting-trust-contract.spec.ts:724:3 › Reporting trust contracts › margin pivot uses store-local fulfilled date around UTC boundary (3.9s)
  ✓  283 [chromium] › e2e/reporting-trust-contract.spec.ts:783:3 › Reporting trust contracts › sales pivot uses store-local fulfilled date around UTC boundary (3.9s)
  ✓  284 [chromium] › e2e/reporting-trust-contract.spec.ts:840:3 › Reporting trust contracts › fulfilled basis reporting reconciles to canonical recognition evidence (3.6s)
  ✓  285 [chromium] › e2e/reports-mobile-cards.spec.ts:18:3 › Reports responsive cards phone_390x844 (4.1s)
  ✓  286 [chromium] › e2e/reports-mobile-cards.spec.ts:18:3 › Reports responsive cards tablet_768x1024 (3.3s)
  ✓  287 [chromium] › e2e/reports-mobile-cards.spec.ts:18:3 › Reports responsive cards ipad_1024x1366 (3.0s)
  ✓  288 [chromium] › e2e/reports-mobile-cards.spec.ts:18:3 › Reports responsive cards desktop_1440x900 (3.4s)
  ✓  289 [chromium] › e2e/reports-workspace.spec.ts:6:3 › Reports workspace › shows curated library for signed-in staff with insights.view (2.5s)
  ✓  290 [chromium] › e2e/reports-workspace.spec.ts:24:3 › Reports workspace › seeded admin sees margin pivot tile (2.6s)
  ✓  291 [chromium] › e2e/rms-permissions.spec.ts:10:3 › RMS permissions split › standard POS user stays limited to slim POS-safe RMS access (3.1s)
  ✓  292 [chromium] › e2e/rms-permissions.spec.ts:63:3 › RMS permissions split › back office admin sees full RMS workspace capabilities (29.9s)
  ✓  293 [chromium] › e2e/rms-reconciliation.spec.ts:18:3 › RMS reconciliation › reconciliation visibility surfaces mismatch and clearing-path support (5.4s)
  ✓  294 [chromium] › e2e/runtime-console-cleanliness.spec.ts:106:3 › runtime console and API cleanliness › POS customer-like product search does not fire exact inventory scan 404s (5.1s)
  ✓  295 [chromium] › e2e/runtime-console-cleanliness.spec.ts:131:3 › runtime console and API cleanliness › Customers workspace waits for auth before loading browse data (2.8s)
  ✓  296 [chromium] › e2e/runtime-console-cleanliness.spec.ts:146:3 › runtime console and API cleanliness › Wedding dashboard month picker is stable on month-end dates (2.3s)
  ✓  297 [chromium] › e2e/scheduler-mobile-ergonomics.spec.ts:18:3 › Scheduler mobile ergonomics phone_390x844 (5.0s)
  ✓  298 [chromium] › e2e/scheduler-mobile-ergonomics.spec.ts:18:3 › Scheduler mobile ergonomics tablet_768x1024 (3.9s)
  ✓  299 [chromium] › e2e/scheduler-mobile-ergonomics.spec.ts:18:3 › Scheduler mobile ergonomics ipad_1024x1366 (4.2s)
  ✓  300 [chromium] › e2e/scheduler-mobile-ergonomics.spec.ts:18:3 › Scheduler mobile ergonomics desktop_1440x900 (5.0s)
  ✓  301 [chromium] › e2e/settings-deeplink-contract.spec.ts:67:3 › settings deep-link contract › URL routes keep Settings visible and normalize safely (7.1s)
  ✓  302 [chromium] › e2e/settings-mobile-sections.spec.ts:28:3 › Settings mobile sections phone_390x844 (5.1s)
  ✓  303 [chromium] › e2e/settings-mobile-sections.spec.ts:28:3 › Settings mobile sections tablet_768x1024 (3.9s)
  ✓  304 [chromium] › e2e/settings-mobile-sections.spec.ts:28:3 › Settings mobile sections ipad_1024x1366 (3.4s)
  ✓  305 [chromium] › e2e/settings-mobile-sections.spec.ts:28:3 › Settings mobile sections desktop_1440x900 (3.9s)
  ✓  306 [chromium] › e2e/settings-mobile.spec.ts:126:1 › Settings sidebar groups stay visible and ordered (2.8s)
  ✓  307 [chromium] › e2e/settings-mobile.spec.ts:160:3 › Settings deep link opens register (2.6s)
  ✓  308 [chromium] › e2e/settings-mobile.spec.ts:160:3 › Settings deep link opens tag-designer (3.0s)
  ✓  309 [chromium] › e2e/settings-mobile.spec.ts:160:3 › Settings deep link opens shippo (2.7s)
  ✓  310 [chromium] › e2e/settings-mobile.spec.ts:160:3 › Settings deep link opens ros-dev-center (2.6s)
  ✓  311 [chromium] › e2e/staff-audit-labels.spec.ts:80:3 › staff-facing audit labels › transaction detail drawer uses readable non-technical labels (4.8s)
  ✓  312 [chromium] › e2e/staff-scheduler.spec.ts:114:5 › Staff Scheduler E2E › can view public weekly roster (2.6s)
  ✓  313 [chromium] › e2e/staff-scheduler.spec.ts:127:5 › Staff Scheduler E2E › can manage individual staff availability (2.5s)
  ✓  314 [chromium] › e2e/staff-scheduler.spec.ts:147:5 › Staff Scheduler E2E › can access master scheduler and see published status (3.3s)
  ✓  315 [chromium] › e2e/staff-scheduler.spec.ts:162:5 › Staff Scheduler E2E › can manage store events (meetings/holidays) (3.0s)
  ✓  316 [chromium] › e2e/staff-scheduler.spec.ts:197:5 › Staff Scheduler E2E › can switch to master template mode (3.1s)
  -  317 [chromium] › e2e/staff-tasks.spec.ts:44:3 › Staff tasks › Tasks subsection shows My tasks panel
  ✓  318 [chromium] › e2e/tax-audit-contract.spec.ts:333:3 › tax audit contract › category inheritance and parent-product override drive server tax rules (2.8s)
  ✓  319 [chromium] › e2e/tax-audit-contract.spec.ts:402:3 › tax audit contract › checkout enforces NYS/Erie clothing threshold and discount crossing at server boundary (4.0s)
  ✓  320 [chromium] › e2e/tax-audit-contract.spec.ts:499:3 › tax audit contract › customer profile discounts are accepted only for the linked customer rate (2.3s)
  ✓  321 [chromium] › e2e/tax-audit-contract.spec.ts:558:3 › tax audit contract › tax-exempt checkout requires a reason and preserves zero tax at server boundary (1.8s)
  ✓  322 [chromium] › e2e/tax-audit-contract.spec.ts:611:3 › tax audit contract › gift card load lines remain non-taxable even when amount is taxable-sized (1.0s)
  ✓  323 [chromium] › e2e/tax-audit-contract.spec.ts:675:3 › tax audit contract › ship current sale records shipping without requiring an order line (2.3s)
  ✓  324 [chromium] › e2e/tax-audit-contract.spec.ts:750:3 › tax audit contract › ship fulfillment mode requires Register shipping quote (1.8s)
  ✓  325 [chromium] › e2e/tax-audit-contract.spec.ts:808:3 › tax audit contract › returns reverse the original line-level tax into the refund queue (2.1s)
  ✓  326 [chromium] › e2e/tax-audit-contract.spec.ts:899:3 › tax audit contract › QBO proposed journal maps collected sales tax to the tax liability account (2.4s)
  ✓  327 [chromium] › e2e/tax-exempt-and-helcim-branding.spec.ts:73:3 › Tax Exempt and Helcim Branding › checkout drawer uses Helcim card flow and supports audited tax exemption (17.4s)
  ✓  328 [chromium] › e2e/tender-matrix-contract.spec.ts:167:3 › Tender matrix payment-intent contract › non-card tender contract remains session-safe (list-open + current) (746ms)
  ✓  329 [chromium] › e2e/tender-matrix-contract.spec.ts:193:3 › Tender matrix payment-intent contract › RMS payment collection stays internal to receipts and sales pivot revenue (2.7s)
  ✓  330 [chromium] › e2e/ui-portaling-stacking.spec.ts:57:3 › UI Portaling and Stacking › Refund modal appears on top of Transaction Detail drawer and is interactive (7.1s)
  ✓  331 [chromium] › e2e/ui-portaling-stacking.spec.ts:176:3 › UI Portaling and Stacking › Receipt action remains available in Transaction Detail drawer (5.3s)
  ✓  332 [chromium] › e2e/ui-portaling-stacking.spec.ts:239:3 › UI Portaling and Stacking › Exchange wizard overlay stays top-layer and blocks background actions (4.2s)
  ✓  333 [chromium] › e2e/ui-portaling-stacking.spec.ts:277:3 › UI Portaling and Stacking › Stock Adjustment modal appears on top of Product Hub drawer (4.0s)
  -  334 [chromium] › e2e/visual-baselines.spec.ts:46:3 › visual baselines (local screenshots) › visual baseline: register closed overlay
  -  335 [chromium] › e2e/visual-baselines.spec.ts:57:3 › visual baselines (local screenshots) › visual baseline: qbo workspace
  -  336 [chromium] › e2e/visual-baselines.spec.ts:65:3 › visual baselines (local screenshots) › visual baseline: dark mode inventory
  -  337 [chromium] › e2e/visual-baselines.spec.ts:144:3 › visual baselines (local screenshots) › visual baseline: customers workspace
  -  338 [chromium] › e2e/visual-baselines.spec.ts:163:3 › visual baselines (local screenshots) › visual baseline: operations command center
  ✓  339 [chromium] › e2e/wedding-readiness-certification.spec.ts:19:3 › Phase 4 wedding readiness certification › certifies wedding readiness risk, vendor delay, partial pickup, balance block, and completion (15.4s)
  ✓  340 [chromium] › e2e/wedding-readiness-ui.spec.ts:8:3 › Phase 4 wedding readiness UI › surfaces readiness search, priority counts, and next actions (3.0s)
  ✓  341 [chromium] › e2e/wedding-readiness-walkthrough.spec.ts:27:3 › Phase 4 wedding readiness walkthrough harness › seeds repeatable readiness walkthrough parties (18.1s)

  31 skipped
  310 passed (19.3m)
